D:\Projects\mechvibes\src\preload.js:216 1
D:\Projects\mechvibes\src\preload.js:216 59
D:\Projects\mechvibes\src\preload.js:216 60
D:\Projects\mechvibes\src\preload.js:216 61
D:\Projects\mechvibes\src\preload.js:216 62
D:\Projects\mechvibes\src\preload.js:216 63
D:\Projects\mechvibes\src\preload.js:216 64
D:\Projects\mechvibes\src\preload.js:216 65
D:\Projects\mechvibes\src\preload.js:216 66
D:\Projects\mechvibes\src\preload.js:216 67
D:\Projects\mechvibes\src\preload.js:216 68
D:\Projects\mechvibes\src\preload.js:216 87
D:\Projects\mechvibes\src\preload.js:216 88
D:\Projects\mechvibes\src\preload.js:216 91
D:\Projects\mechvibes\src\preload.js:216 92
D:\Projects\mechvibes\src\preload.js:216 93
D:\Projects\mechvibes\src\preload.js:216 99
D:\Projects\mechvibes\src\preload.js:216 100
D:\Projects\mechvibes\src\preload.js:216 101
D:\Projects\mechvibes\src\preload.js:216 102
D:\Projects\mechvibes\src\preload.js:216 103
D:\Projects\mechvibes\src\preload.js:216 104
D:\Projects\mechvibes\src\preload.js:216 105
D:\Projects\mechvibes\src\preload.js:216 106
D:\Projects\mechvibes\src\preload.js:216 107
D:\Projects\mechvibes\src\preload.js:216 41
D:\Projects\mechvibes\src\preload.js:216 2
D:\Projects\mechvibes\src\preload.js:216 3
D:\Projects\mechvibes\src\preload.js:216 4
D:\Projects\mechvibes\src\preload.js:216 5
D:\Projects\mechvibes\src\preload.js:216 6
D:\Projects\mechvibes\src\preload.js:216 7
D:\Projects\mechvibes\src\preload.js:216 8
D:\Projects\mechvibes\src\preload.js:216 9
D:\Projects\mechvibes\src\preload.js:216 10
D:\Projects\mechvibes\src\preload.js:216 11
D:\Projects\mechvibes\src\preload.js:216 12
D:\Projects\mechvibes\src\preload.js:216 13
D:\Projects\mechvibes\src\preload.js:216 14
D:\Projects\mechvibes\src\preload.js:216 15
D:\Projects\mechvibes\src\preload.js:216 58
D:\Projects\mechvibes\src\preload.js:216 30
D:\Projects\mechvibes\src\preload.js:216 48
D:\Projects\mechvibes\src\preload.js:216 46
D:\Projects\mechvibes\src\preload.js:216 32
D:\Projects\mechvibes\src\preload.js:216 18
D:\Projects\mechvibes\src\preload.js:216 33
D:\Projects\mechvibes\src\preload.js:216 34
D:\Projects\mechvibes\src\preload.js:216 35
D:\Projects\mechvibes\src\preload.js:216 23
D:\Projects\mechvibes\src\preload.js:216 36
D:\Projects\mechvibes\src\preload.js:216 37
D:\Projects\mechvibes\src\preload.js:216 38
D:\Projects\mechvibes\src\preload.js:216 50
D:\Projects\mechvibes\src\preload.js:216 49
D:\Projects\mechvibes\src\preload.js:216 24
D:\Projects\mechvibes\src\preload.js:216 25
D:\Projects\mechvibes\src\preload.js:216 16
D:\Projects\mechvibes\src\preload.js:216 19
D:\Projects\mechvibes\src\preload.js:216 31
D:\Projects\mechvibes\src\preload.js:216 20
D:\Projects\mechvibes\src\preload.js:216 22
D:\Projects\mechvibes\src\preload.js:216 47
D:\Projects\mechvibes\src\preload.js:216 17
D:\Projects\mechvibes\src\preload.js:216 45
D:\Projects\mechvibes\src\preload.js:216 21
D:\Projects\mechvibes\src\preload.js:216 44
D:\Projects\mechvibes\src\preload.js:216 26
D:\Projects\mechvibes\src\preload.js:216 27
D:\Projects\mechvibes\src\preload.js:216 43
D:\Projects\mechvibes\src\preload.js:216 39
D:\Projects\mechvibes\src\preload.js:216 40
D:\Projects\mechvibes\src\preload.js:216 28
D:\Projects\mechvibes\src\preload.js:216 51
D:\Projects\mechvibes\src\preload.js:216 52
D:\Projects\mechvibes\src\preload.js:216 53
D:\Projects\mechvibes\src\preload.js:216 57
D:\Projects\mechvibes\src\preload.js:216 3639
D:\Projects\mechvibes\src\preload.js:216 70
D:\Projects\mechvibes\src\preload.js:216 3653
D:\Projects\mechvibes\src\preload.js:216 3666
D:\Projects\mechvibes\src\preload.js:216 3667
D:\Projects\mechvibes\src\preload.js:216 3655
D:\Projects\mechvibes\src\preload.js:216 3663
D:\Projects\mechvibes\src\preload.js:216 3657
D:\Projects\mechvibes\src\preload.js:216 3665
D:\Projects\mechvibes\src\preload.js:216 57416
D:\Projects\mechvibes\src\preload.js:216 37
D:\Projects\mechvibes\src\preload.js:216 57420
D:\Projects\mechvibes\src\preload.js:216 57421
D:\Projects\mechvibes\src\preload.js:216 57424
D:\Projects\mechvibes\src\preload.js:216 69
D:\Projects\mechvibes\src\preload.js:216 3637
D:\Projects\mechvibes\src\preload.js:216 55
D:\Projects\mechvibes\src\preload.js:216 74
D:\Projects\mechvibes\src\preload.js:216 3597
D:\Projects\mechvibes\src\preload.js:216 78
D:\Projects\mechvibes\src\preload.js:216 3612
D:\Projects\mechvibes\src\preload.js:216 83
D:\Projects\mechvibes\src\preload.js:216 79
D:\Projects\mechvibes\src\preload.js:216 80
D:\Projects\mechvibes\src\preload.js:216 81
D:\Projects\mechvibes\src\preload.js:216 75
D:\Projects\mechvibes\src\preload.js:216 76
D:\Projects\mechvibes\src\preload.js:216 77
D:\Projects\mechvibes\src\preload.js:216 71
D:\Projects\mechvibes\src\preload.js:216 72
D:\Projects\mechvibes\src\preload.js:216 73
D:\Projects\mechvibes\src\preload.js:216 82
D:\Projects\mechvibes\src\preload.js:216 79
D:\Projects\mechvibes\src\preload.js:216 80
D:\Projects\mechvibes\src\preload.js:216 81
D:\Projects\mechvibes\src\preload.js:216 75
D:\Projects\mechvibes\src\preload.js:216 76
D:\Projects\mechvibes\src\preload.js:216 77
D:\Projects\mechvibes\src\preload.js:216 71
D:\Projects\mechvibes\src\preload.js:216 72
D:\Projects\mechvibes\src\preload.js:216 73
D:\Projects\mechvibes\src\preload.js:216 82
D:\Projects\mechvibes\src\preload.js:216 83
D:\Projects\mechvibes\src\preload.js:216 42
D:\Projects\mechvibes\src\preload.js:216 54
D:\Projects\mechvibes\src\preload.js:216 29
D:\Projects\mechvibes\src\preload.js:216 3613
D:\Projects\mechvibes\src\preload.js:216 56
D:\Projects\mechvibes\src\preload.js:216 3640
D:\Projects\mechvibes\src\preload.js:216 3675
D:\Projects\mechvibes\src\preload.js:216 3676
D:\Projects\mechvibes\src\preload.js:216 3677
D:\Projects\mechvibes\src\preload.js:216 57438
D:\Projects\mechvibes\src\preload.js:216 57439
D:\Projects\mechvibes\src\preload.js:216 57443
D:\Projects\mechvibes\src\preload.js:216 57378
D:\Projects\mechvibes\src\preload.js:216 57380
D:\Projects\mechvibes\src\preload.js:216 57360
D:\Projects\mechvibes\src\preload.js:216 57369
D:\Projects\mechvibes\src\preload.js:216 57453
D:\Projects\mechvibes\src\preload.js:216 57388
D:\Projects\mechvibes\src\preload.js:216 57376
D:\Projects\mechvibes\src\preload.js:216 57392
D:\Projects\mechvibes\src\preload.js:216 57390
D:\Projects\mechvibes\src\preload.js:216 57452
D:\Projects\mechvibes\src\preload.js:216 57377
D:\Projects\mechvibes\src\preload.js:216 57404
D:\Projects\mechvibes\src\preload.js:216 57444
D:\Projects\mechvibes\src\preload.js:216 57445
D:\Projects\mechvibes\src\preload.js:216 57394
D:\Projects\mechvibes\src\preload.js:216 57450
D:\Projects\mechvibes\src\preload.js:216 57449
D:\Projects\mechvibes\src\preload.js:216 57448
D:\Projects\mechvibes\src\preload.js:216 57447
D:\Projects\mechvibes\src\preload.js:216 57446
D:\Projects\mechvibes\src\preload.js:216 0
D:\Projects\mechvibes\src\preload.js:216 65535
D:\Projects\mechvibes\src\preload.js:222 29 "Left ctl"
D:\Projects\mechvibes\src\preload.js:222 20 "T"
D:\Projects\mechvibes\src\preload.js:222 49 "N"
D:\Projects\mechvibes\src\preload.js:222 47 "V"
D:\Projects\mechvibes\src\preload.js:222 29 "Left ctl"
D:\Projects\mechvibes\src\preload.js:222 56 "Option or Alt Key"
D:\Projects\mechvibes\src\preload.js:222 32 "D"
D:\Projects\mechvibes\src\preload.js:222 56 "Option or Alt Key"
D:\Projects\mechvibes\src\preload.js:222 32 "D"
D:\Projects\mechvibes\src\preload.js:222 29 "Left ctl"
D:\Projects\mechvibes\src\preload.js:222 32 "D"
D:\Projects\mechvibes\src\preload.js:222 32 "D"
D:\Projects\mechvibes\src\preload.js:222 32 "D"
D:\Projects\mechvibes\src\preload.js:222 32 "D"
D:\Projects\mechvibes\src\preload.js:222 32 "D"
D:\Projects\mechvibes\src\preload.js:222 32 "D"
D:\Projects\mechvibes\src\preload.js:222 32 "D"
D:\Projects\mechvibes\src\preload.js:222 32 "D"
D:\Projects\mechvibes\src\preload.js:222 32 "D"
D:\Projects\mechvibes\src\preload.js:222 32 "D"
D:\Projects\mechvibes\src\preload.js:222 32 "D"
D:\Projects\mechvibes\src\preload.js:222 32 "D"
D:\Projects\mechvibes\src\preload.js:222 32 "D"
D:\Projects\mechvibes\src\preload.js:222 32 "D"
D:\Projects\mechvibes\src\preload.js:222 32 "D"
D:\Projects\mechvibes\src\preload.js:222 32 "D"
D:\Projects\mechvibes\src\preload.js:222 32 "D"
D:\Projects\mechvibes\src\preload.js:222 32 "D"
D:\Projects\mechvibes\src\preload.js:222 32 "D"
D:\Projects\mechvibes\src\preload.js:222 32 "D"
D:\Projects\mechvibes\src\preload.js:222 32 "D"
D:\Projects\mechvibes\src\preload.js:222 32 "D"
D:\Projects\mechvibes\src\preload.js:222 32 "D"
D:\Projects\mechvibes\src\preload.js:222 32 "D"
D:\Projects\mechvibes\src\preload.js:222 32 "D"
D:\Projects\mechvibes\src\preload.js:222 32 "D"
D:\Projects\mechvibes\src\preload.js:222 32 "D"
D:\Projects\mechvibes\src\preload.js:222 32 "D"
D:\Projects\mechvibes\src\preload.js:222 32 "D"
D:\Projects\mechvibes\src\preload.js:222 32 "D"
D:\Projects\mechvibes\src\preload.js:222 32 "D"
D:\Projects\mechvibes\src\preload.js:222 32 "D"
D:\Projects\mechvibes\src\preload.js:222 32 "D"
D:\Projects\mechvibes\src\preload.js:222 32 "D"
D:\Projects\mechvibes\src\preload.js:222 32 "D"
D:\Projects\mechvibes\src\preload.js:222 32 "D"
D:\Projects\mechvibes\src\preload.js:222 32 "D"
D:\Projects\mechvibes\src\preload.js:222 32 "D"
D:\Projects\mechvibes\src\preload.js:222 32 "D"
D:\Projects\mechvibes\src\preload.js:222 32 "D"
D:\Projects\mechvibes\src\preload.js:222 32 "D"
D:\Projects\mechvibes\src\preload.js:222 32 "D"
D:\Projects\mechvibes\src\preload.js:222 32 "D"
D:\Projects\mechvibes\src\preload.js:222 32 "D"
D:\Projects\mechvibes\src\preload.js:222 32 "D"
D:\Projects\mechvibes\src\preload.js:222 32 "D"
D:\Projects\mechvibes\src\preload.js:222 32 "D"
D:\Projects\mechvibes\src\preload.js:222 32 "D"
D:\Projects\mechvibes\src\preload.js:222 32 "D"
D:\Projects\mechvibes\src\preload.js:222 32 "D"
D:\Projects\mechvibes\src\preload.js:222 32 "D"
D:\Projects\mechvibes\src\preload.js:222 32 "D"
D:\Projects\mechvibes\src\preload.js:222 32 "D"
D:\Projects\mechvibes\src\preload.js:222 32 "D"
D:\Projects\mechvibes\src\preload.js:222 32 "D"
D:\Projects\mechvibes\src\preload.js:222 32 "D"
D:\Projects\mechvibes\src\preload.js:222 32 "D"
D:\Projects\mechvibes\src\preload.js:222 32 "D"
D:\Projects\mechvibes\src\preload.js:222 32 "D"
D:\Projects\mechvibes\src\preload.js:222 32 "D"
D:\Projects\mechvibes\src\preload.js:222 32 "D"
D:\Projects\mechvibes\src\preload.js:222 32 "D"
D:\Projects\mechvibes\src\preload.js:222 32 "D"
D:\Projects\mechvibes\src\preload.js:222 32 "D"
D:\Projects\mechvibes\src\preload.js:222 32 "D"
D:\Projects\mechvibes\src\preload.js:222 32 "D"
D:\Projects\mechvibes\src\preload.js:222 32 "D"
D:\Projects\mechvibes\src\preload.js:222 32 "D"
D:\Projects\mechvibes\src\preload.js:222 32 "D"
D:\Projects\mechvibes\src\preload.js:222 32 "D"
D:\Projects\mechvibes\src\preload.js:222 32 "D"
D:\Projects\mechvibes\src\preload.js:222 32 "D"
D:\Projects\mechvibes\src\preload.js:222 32 "D"
D:\Projects\mechvibes\src\preload.js:222 32 "D"
D:\Projects\mechvibes\src\preload.js:222 32 "D"
D:\Projects\mechvibes\src\preload.js:222 32 "D"
D:\Projects\mechvibes\src\preload.js:222 32 "D"
D:\Projects\mechvibes\src\preload.js:222 32 "D"
D:\Projects\mechvibes\src\preload.js:222 32 "D"
D:\Projects\mechvibes\src\preload.js:222 32 "D"
D:\Projects\mechvibes\src\preload.js:222 32 "D"
D:\Projects\mechvibes\src\preload.js:222 32 "D"
D:\Projects\mechvibes\src\preload.js:222 32 "D"
D:\Projects\mechvibes\src\preload.js:222 32 "D"
D:\Projects\mechvibes\src\preload.js:222 29 "Left ctl"
D:\Projects\mechvibes\src\preload.js:222 20 "T"
D:\Projects\mechvibes\src\preload.js:222 31 "S"
D:\Projects\mechvibes\src\preload.js:222 18 "E"
D:\Projects\mechvibes\src\preload.js:222 38 "L"
D:\Projects\mechvibes\src\preload.js:222 18 "E"
D:\Projects\mechvibes\src\preload.js:222 46 "C"
D:\Projects\mechvibes\src\preload.js:222 20 "T"
D:\Projects\mechvibes\src\preload.js:222 57 "Space"
D:\Projects\mechvibes\src\preload.js:222 30 "A"
D:\Projects\mechvibes\src\preload.js:222 38 "L"
D:\Projects\mechvibes\src\preload.js:222 38 "L"
D:\Projects\mechvibes\src\preload.js:222 57 "Space"
D:\Projects\mechvibes\src\preload.js:222 24 "O"
D:\Projects\mechvibes\src\preload.js:222 46 "C"
D:\Projects\mechvibes\src\preload.js:222 46 "C"
D:\Projects\mechvibes\src\preload.js:222 22 "U"
D:\Projects\mechvibes\src\preload.js:222 19 "R"
D:\Projects\mechvibes\src\preload.js:222 57 "Space"
D:\Projects\mechvibes\src\preload.js:222 31 "S"
D:\Projects\mechvibes\src\preload.js:222 22 "U"
D:\Projects\mechvibes\src\preload.js:222 48 "B"
D:\Projects\mechvibes\src\preload.js:222 38 "L"
D:\Projects\mechvibes\src\preload.js:222 23 "I"
D:\Projects\mechvibes\src\preload.js:222 50 "M"
D:\Projects\mechvibes\src\preload.js:222 61008 null
D:\Projects\mechvibes\src\preload.js:222 61008 null
D:\Projects\mechvibes\src\preload.js:222 61008 null
D:\Projects\mechvibes\src\preload.js:222 28 "Enter"
D:\Projects\mechvibes\src\preload.js:222 29 "Left ctl"
D:\Projects\mechvibes\src\preload.js:222 56 "Option or Alt Key"
D:\Projects\mechvibes\src\preload.js:222 34 "G"
D:\Projects\mechvibes\src\preload.js:222 42 "Left shift"
D:\Projects\mechvibes\src\preload.js:222 34 "G"
D:\Projects\mechvibes\src\preload.js:222 44 "Z"
D:\Projects\mechvibes\src\preload.js:222 34 "G"
D:\Projects\mechvibes\src\preload.js:222 1 "Escape"
D:\Projects\mechvibes\src\preload.js:222 29 "Left ctl"
D:\Projects\mechvibes\src\preload.js:222 3675 "Windows or Command Key"
D:\Projects\mechvibes\src\preload.js:222 34 "G"
D:\Projects\mechvibes\src\preload.js:222 56 "Option or Alt Key"
D:\Projects\mechvibes\src\preload.js:222 42 "Left shift"
D:\Projects\mechvibes\src\preload.js:222 34 "G"
D:\Projects\mechvibes\src\preload.js:222 1 "Escape"
D:\Projects\mechvibes\src\preload.js:222 56 "Option or Alt Key"
D:\Projects\mechvibes\src\preload.js:222 61 "F3"
D:\Projects\mechvibes\src\preload.js:222 1 "Escape"
D:\Projects\mechvibes\src\preload.js:222 14 "Backspace"
D:\Projects\mechvibes\src\preload.js:222 29 "Left ctl"
D:\Projects\mechvibes\src\preload.js:222 29 "Left ctl"
D:\Projects\mechvibes\src\preload.js:222 44 "Z"
D:\Projects\mechvibes\src\preload.js:222 44 "Z"
D:\Projects\mechvibes\src\preload.js:222 29 "Left ctl"
D:\Projects\mechvibes\src\preload.js:222 47 "V"
